<?xml version="1.0" encoding="UTF-8"?><testsuite name="nosetests" tests="64" errors="0" failures="0" skip="0"><testcase classname="bruch.test.testfall.TestAddition" name="testaddError" time="0.000"></testcase><testcase classname="bruch.test.testfall.TestAddition" name="testiAdd" time="0.001"></testcase><testcase classname="bruch.test.testfall.TestAddition" name="testiAdd2" time="0.000"></testcase><testcase classname="bruch.test.testfall.TestAddition" name="testiAddError" time="0.000"></testcase><testcase classname="bruch.test.testfall.TestAddition" name="testplus" time="0.000"></testcase><testcase classname="bruch.test.testfall.TestAddition" name="testplus2" time="0.000"></testcase><testcase classname="bruch.test.testfall.TestAddition" name="testplus3" time="0.000"></testcase><testcase classname="bruch.test.testfall.TestAddition" name="testradd" time="0.000"></testcase><testcase classname="bruch.test.testfall.TestAllgemein" name="testAbs" time="0.000"></testcase><testcase classname="bruch.test.testfall.TestAllgemein" name="testComplex" time="0.000"></testcase><testcase classname="bruch.test.testfall.TestAllgemein" name="testFloat" time="0.000"></testcase><testcase classname="bruch.test.testfall.TestAllgemein" name="testInt" time="0.000"></testcase><testcase classname="bruch.test.testfall.TestAllgemein" name="testInteger" time="0.000"></testcase><testcase classname="bruch.test.testfall.TestAllgemein" name="testInvert" time="0.000"></testcase><testcase classname="bruch.test.testfall.TestAllgemein" name="testNeg" time="0.000"></testcase><testcase classname="bruch.test.testfall.TestAllgemein" name="testPow" time="0.000"></testcase><testcase classname="bruch.test.testfall.TestAllgemein" name="testPowError1" time="0.000"></testcase><testcase classname="bruch.test.testfall.TestAllgemein" name="testPowError2" time="0.000"></testcase><testcase classname="bruch.test.testfall.TestAllgemein" name="testRef" time="0.000"></testcase><testcase classname="bruch.test.testfall.TestAllgemein" name="testRef2" time="0.000"></testcase><testcase classname="bruch.test.testfall.TestAllgemein" name="test_makeBruchInt" time="0.000"></testcase><testcase classname="bruch.test.testfall.TestAllgemein" name="test_makeBruchTypeError" time="0.000"></testcase><testcase classname="bruch.test.testfall.TestAllgemein" name="testcreateBruchWrongTypeNenner" time="0.000"></testcase><testcase classname="bruch.test.testfall.TestAllgemein" name="testcreateBruchWrongTypeZaehler" time="0.000"></testcase><testcase classname="bruch.test.testfall.TestAllgemein" name="testcreateBruchZeroError" time="0.000"></testcase><testcase classname="bruch.test.testfall.TestDivision" name="testdiv" time="0.000"></testcase><testcase classname="bruch.test.testfall.TestDivision" name="testdiv2" time="0.001"></testcase><testcase classname="bruch.test.testfall.TestDivision" name="testdiv3" time="0.000"></testcase><testcase classname="bruch.test.testfall.TestDivision" name="testdivTypeError" time="0.000"></testcase><testcase classname="bruch.test.testfall.TestDivision" name="testdivZeroError" time="0.000"></testcase><testcase classname="bruch.test.testfall.TestDivision" name="testdivZeroError2" time="0.000"></testcase><testcase classname="bruch.test.testfall.TestDivision" name="testiDiv" time="0.000"></testcase><testcase classname="bruch.test.testfall.TestDivision" name="testiDiv2" time="0.000"></testcase><testcase classname="bruch.test.testfall.TestDivision" name="testiDivError" time="0.000"></testcase><testcase classname="bruch.test.testfall.TestDivision" name="testrdiv" time="0.000"></testcase><testcase classname="bruch.test.testfall.TestDivision" name="testrdivError" time="0.000"></testcase><testcase classname="bruch.test.testfall.TestDivision" name="testrdivZeroError" time="0.000"></testcase><testcase classname="bruch.test.testfall.TestIteration" name="testTuple" time="0.001"></testcase><testcase classname="bruch.test.testfall.TestIteration" name="testTuple2" time="0.000"></testcase><testcase classname="bruch.test.testfall.TestIteration" name="testTuple3_Error" time="0.000"></testcase><testcase classname="bruch.test.testfall.TestMultiplikation" name="testiMul" time="0.000"></testcase><testcase classname="bruch.test.testfall.TestMultiplikation" name="testiMul2" time="0.000"></testcase><testcase classname="bruch.test.testfall.TestMultiplikation" name="testiMulError" time="0.001"></testcase><testcase classname="bruch.test.testfall.TestMultiplikation" name="testmal" time="0.000"></testcase><testcase classname="bruch.test.testfall.TestMultiplikation" name="testmal2" time="0.000"></testcase><testcase classname="bruch.test.testfall.TestMultiplikation" name="testmal3" time="0.000"></testcase><testcase classname="bruch.test.testfall.TestMultiplikation" name="testmulError" time="0.000"></testcase><testcase classname="bruch.test.testfall.TestMultiplikation" name="testrmal" time="0.000"></testcase><testcase classname="bruch.test.testfall.TestString" name="teststr" time="0.000"></testcase><testcase classname="bruch.test.testfall.TestString" name="teststr2" time="0.000"></testcase><testcase classname="bruch.test.testfall.TestSubtraktion" name="testiSub" time="0.000"></testcase><testcase classname="bruch.test.testfall.TestSubtraktion" name="testiSub2" time="0.000"></testcase><testcase classname="bruch.test.testfall.TestSubtraktion" name="testiSubError" time="0.001"></testcase><testcase classname="bruch.test.testfall.TestSubtraktion" name="testminus" time="0.000"></testcase><testcase classname="bruch.test.testfall.TestSubtraktion" name="testminus2" time="0.000"></testcase><testcase classname="bruch.test.testfall.TestSubtraktion" name="testminus3" time="0.000"></testcase><testcase classname="bruch.test.testfall.TestSubtraktion" name="testrsub" time="0.000"></testcase><testcase classname="bruch.test.testfall.TestSubtraktion" name="testrsubError" time="0.000"></testcase><testcase classname="bruch.test.testfall.TestVergleich" name="testEqual" time="0.000"></testcase><testcase classname="bruch.test.testfall.TestVergleich" name="testGE" time="0.000"></testcase><testcase classname="bruch.test.testfall.TestVergleich" name="testGT" time="0.000"></testcase><testcase classname="bruch.test.testfall.TestVergleich" name="testLE" time="0.000"></testcase><testcase classname="bruch.test.testfall.TestVergleich" name="testLT" time="0.000"></testcase><testcase classname="bruch.test.testfall.TestVergleich" name="testNotEqual" time="0.000"></testcase></testsuite>